# Rewards Log
# Check point lines have time, total rewards, rewards spent, fees to that block
#
Block: 0 2021-12-02 16:02:41 50.00000000 50.00000000 0
Block: 50000 2021-12-02 16:04:28 2500050.00000000 1213601.34000000 3.83000000
Block: 100000 2021-12-02 16:08:56 5000050.00000000 3337766.09725894 46.69808914
Block: 124724 Reward: 49.98999999
Block: 150000 2021-12-02 16:37:53 7500049.98999999 5794625.71954912 2491.05518418
Block: 162705 Reward: 49.98300000
Block: 162823 Reward: 49.99900000
Block: 162839 Reward: 49.98975200
Block: 162952 Reward: 49.91535267
Block: 162973 Reward: 49.89494061
Block: 162980 Reward: 49.98820406
Block: 162988 Reward: 49.99335613
Block: 162992 Reward: 49.95050000
Block: 162995 Reward: 49.99550000
Block: 163006 Reward: 49.96649000
Block: 163017 Reward: 49.90050000
Block: 163029 Reward: 49.99950000
Block: 163063 Reward: 49.98649000
Block: 163072 Reward: 49.99550000
Block: 163075 Reward: 49.99490000
Block: 163088 Reward: 49.99000000
Block: 163102 Reward: 49.97499935
Block: 163105 Reward: 49.99900000
Block: 163109 Reward: 49.98000000
Block: 163113 Reward: 49.98500000
Block: 163120 Reward: 49.81844472
Block: 163228 Reward: 49.95109255
Block: 163240 Reward: 49.81843189
Block: 163274 Reward: 49.98749000
Block: 163283 Reward: 49.99750000
Block: 163284 Reward: 49.95650000
Block: 163285 Reward: 49.97750000
Block: 163353 Reward: 49.98900000
Block: 163368 Reward: 49.91699499
Block: 163370 Reward: 49.95710210
Block: 163433 Reward: 49.99850000
Block: 163440 Reward: 49.94250000
Block: 163447 Reward: 49.98500000
Block: 163453 Reward: 49.99650000
Block: 163458 Reward: 49.96659523
Block: 163478 Reward: 49.99350000
Block: 163480 Reward: 49.94900000
Block: 163588 Reward: 49.94690000
Block: 163592 Reward: 49.98650000
Block: 163596 Reward: 49.98150000
Block: 163611 Reward: 49.98200000
Block: 163615 Reward: 49.94788537
Block: 163620 Reward: 49.84630000
Block: 163622 Reward: 49.99700000
Block: 163623 Reward: 49.97900000
Block: 163626 Reward: 49.99570000
Block: 163628 Reward: 49.97491216
Block: 163633 Reward: 49.82150000
Block: 163647 Reward: 49.88750000
Block: 163656 Reward: 49.94837683
Block: 163667 Reward: 49.99500000
Block: 163672 Reward: 49.94850000
Block: 163693 Reward: 49.99600000
Block: 163709 Reward: 49.84126551
Block: 163710 Reward: 49.86829549
Block: 163714 Reward: 49.99500000
Block: 163719 Reward: 49.95048000
Block: 163726 Reward: 49.97850000
Block: 163729 Reward: 49.98800000
Block: 163756 Reward: 49.98094546
Block: 163791 Reward: 49.98500000
Block: 163793 Reward: 49.99600000
Block: 163808 Reward: 49.97850000
Block: 163830 Reward: 49.87694992
Block: 163863 Reward: 49.99700000
Block: 163881 Reward: 49.98940000
Block: 163889 Reward: 49.97800000
Block: 163891 Reward: 49.99650000
Block: 163893 Reward: 49.99950000
Block: 163903 Reward: 49.99599000
Block: 163915 Reward: 49.97750000
Block: 163918 Reward: 49.95100000
Block: 163939 Reward: 49.95150000
Block: 163947 Reward: 49.95900000
Block: 163970 Reward: 49.99750000
Block: 163974 Reward: 49.99550000
Block: 163975 Reward: 49.93509998
Block: 163977 Reward: 49.95930400
Block: 163979 Reward: 49.98600000
Block: 163985 Reward: 49.68647102
Block: 163989 Reward: 49.98440000
Block: 163995 Reward: 49.99550000
Block: 164003 Reward: 49.96830000
Block: 164007 Reward: 49.86800000
Block: 164022 Reward: 49.99750000
Block: 164023 Reward: 49.97300000
Block: 164024 Reward: 49.99200000
Block: 164025 Reward: 49.99550000
Block: 164027 Reward: 49.95250000
Block: 164028 Reward: 49.98650000
Block: 164041 Reward: 49.99650000
Block: 164048 Reward: 49.99890000
Block: 164049 Reward: 49.85630504
Block: 164050 Reward: 49.99800000
Block: 164056 Reward: 49.96091352
Block: 164067 Reward: 49.99850000
Block: 164081 Reward: 49.98550000
Block: 164084 Reward: 49.27878274
Block: 164086 Reward: 49.99550000
Block: 164095 Reward: 49.98086990
Block: 164098 Reward: 49.96780020
Block: 164099 Reward: 49.98699980
Block: 164100 Reward: 49.95414873
Block: 164105 Reward: 49.96910003
Block: 164106 Reward: 49.99880000
Block: 164127 Reward: 49.99150000
Block: 164128 Reward: 49.98750000
Block: 164133 Reward: 49.98499846
Block: 164135 Reward: 49.99650000
Block: 164139 Reward: 49.98050000
Block: 164143 Reward: 49.95900000
Block: 164147 Reward: 49.91319995
Block: 164151 Reward: 49.99600000
Block: 164157 Reward: 49.96745635
Block: 164159 Reward: 49.98100000
Block: 164162 Reward: 49.98650000
Block: 164165 Reward: 49.96900000
Block: 164169 Reward: 49.97450000
Block: 164170 Reward: 49.99549540
Block: 164172 Reward: 49.99950000
Block: 164173 Reward: 49.98850000
Block: 164174 Reward: 49.99950000
Block: 164194 Reward: 49.99439990
Block: 164196 Reward: 49.99550000
Block: 164198 Reward: 49.99900000
Block: 164199 Reward: 49.98450000
Block: 164201 Reward: 49.98019000
Block: 164203 Reward: 49.96155947
Block: 164210 Reward: 49.99950000
Block: 164211 Reward: 49.93739999
Block: 164223 Reward: 49.99850000
Block: 164237 Reward: 49.97067615
Block: 164243 Reward: 49.99900000
Block: 164246 Reward: 48.24219931
Block: 164248 Reward: 49.98600000
Block: 164252 Reward: 49.98960918
Block: 164253 Reward: 49.97650000
Block: 164254 Reward: 49.95500000
Block: 164269 Reward: 49.96750000
Block: 164280 Reward: 49.99296766
Block: 164295 Reward: 49.97200000
Block: 164296 Reward: 49.98600000
Block: 164298 Reward: 49.98699997
Block: 164315 Reward: 49.99950000
Block: 164322 Reward: 49.83017189
Block: 164334 Reward: 49.98300000
Block: 164340 Reward: 49.99950000
Block: 164362 Reward: 49.98600000
Block: 164365 Reward: 49.98900000
Block: 164380 Reward: 49.99204522
Block: 164408 Reward: 49.99850000
Block: 164441 Reward: 49.08544057
Block: 164467 Reward: 49.96850000
Block: 164480 Reward: 49.92440000
Block: 164496 Reward: 49.99900000
Block: 164528 Reward: 49.97250000
Block: 164559 Reward: 49.99700000
Block: 164570 Reward: 49.88149000
Block: 164572 Reward: 49.96150000
Block: 164615 Reward: 49.96691117
Block: 164622 Reward: 49.98909039
Block: 164671 Reward: 49.99600000
Block: 164700 Reward: 49.94000000
Block: 164719 Reward: 49.99950000
Block: 164742 Reward: 49.99750000
Block: 164851 Reward: 49.84098912
Block: 164921 Reward: 49.92090000
Block: 164967 Reward: 49.96250000
Block: 164984 Reward: 49.97150000
Block: 164996 Reward: 49.96533227
Block: 165048 Reward: 49.97450000
Block: 165062 Reward: 49.96300000
Block: 165108 Reward: 49.99850000
Block: 165109 Reward: 49.96050000
Block: 165124 Reward: 49.92800000
Block: 165177 Reward: 49.97458639
Block: 165194 Reward: 49.97992000
Block: 165283 Reward: 49.97383857
Block: 165776 Reward: 49.99750000
Block: 166250 Reward: 49.96739476
Block: 166263 Reward: 49.89500000
Block: 166486 Reward: 49.97150000
Block: 166698 Reward: 49.98600000
Block: 166890 Reward: 49.99219564
Block: 167013 Reward: 49.93800000
Block: 167035 Reward: 49.93250000
Block: 167074 Reward: 49.99716399
Block: 167168 Reward: 49.99900000
Block: 167204 Reward: 49.98250000
Block: 168596 Reward: 49.99350000
Block: 169464 Reward: 49.97850000
Block: 169670 Reward: 49.99090000
Block: 169899 Reward: 49.94800000
Block: 180324 Reward: 49.99950000
Block: 180435 Reward: 49.99950000
Block: 180442 Reward: 49.99950000
Block: 180470 Reward: 49.99950000
Block: 180492 Reward: 49.99950000
Block: 180539 Reward: 49.99950000
Block: 180573 Reward: 49.99950000
Block: 180578 Reward: 49.99950000
Block: 180591 Reward: 49.99950000
Block: 180597 Reward: 49.99100000
Block: 180628 Reward: 49.99950000
Block: 180678 Reward: 49.99950000
Block: 180691 Reward: 49.99950000
Block: 180788 Reward: 49.99950000
Block: 180833 Reward: 49.99950000
Block: 180837 Reward: 49.99950000
Block: 180888 Reward: 49.99947500
Block: 180905 Reward: 49.99950000
Block: 180985 Reward: 49.99950000
Block: 181014 Reward: 49.99950000
Block: 181104 Reward: 49.99950000
Block: 181118 Reward: 49.99950000
Block: 181348 Reward: 49.99950000
Block: 181588 Reward: 49.99950000
Block: 181591 Reward: 49.99900000
Block: 181602 Reward: 49.99950000
Block: 181603 Reward: 49.99999000
Block: 181625 Reward: 49.99950000
Block: 181653 Reward: 49.99950000
Block: 181750 Reward: 49.99950000
Block: 181780 Reward: 49.99800000
Block: 181790 Reward: 49.99950000
Block: 181796 Reward: 49.99950000
Block: 181839 Reward: 49.99950000
Block: 181853 Reward: 49.99950000
Block: 181875 Reward: 49.99950000
Block: 181882 Reward: 49.99950000
Block: 181886 Reward: 49.99950000
Block: 181949 Reward: 49.99950000
Block: 181986 Reward: 49.99950000
Block: 181990 Reward: 49.99950000
Block: 182000 Reward: 49.99950000
Block: 182054 Reward: 49.99950000
Block: 182070 Reward: 49.99950000
Block: 182148 Reward: 49.99950000
Block: 182219 Reward: 49.99950000
Block: 182322 Reward: 49.99950000
Block: 182370 Reward: 49.99990000
Block: 182454 Reward: 49.99950000
Block: 182535 Reward: 49.99950000
Block: 182592 Reward: 49.99950000
Block: 182598 Reward: 49.99950000
Block: 182658 Reward: 49.99950000
Block: 182693 Reward: 49.99950000
Block: 182727 Reward: 49.99950000
Block: 182751 Reward: 49.99950000
Block: 182755 Reward: 49.99950000
Block: 182756 Reward: 49.99950000
Block: 182794 Reward: 49.99950000
Block: 182811 Reward: 49.99950000
Block: 182823 Reward: 49.99950000
Block: 182863 Reward: 49.99950000
Block: 182907 Reward: 49.99950000
Block: 182934 Reward: 49.99950000
Block: 182988 Reward: 49.99950000
Block: 183039 Reward: 49.99950000
Block: 183110 Reward: 49.99950000
Block: 183130 Reward: 49.99950000
Block: 183189 Reward: 49.99950000
Block: 183258 Reward: 49.99950000
Block: 183259 Reward: 49.99950000
Block: 183486 Reward: 49.99950000
Block: 183491 Reward: 49.99950000
Block: 183612 Reward: 49.99950000
Block: 183628 Reward: 49.99950000
Block: 183745 Reward: 49.99950000
Block: 183770 Reward: 49.99950000
Block: 183798 Reward: 49.99950000
Block: 183852 Reward: 49.99950000
Block: 183868 Reward: 49.99950000
Block: 183891 Reward: 49.99950000
Block: 183953 Reward: 49.99950000
Block: 183956 Reward: 49.99950000
Block: 183964 Reward: 49.99950000
Block: 183983 Reward: 49.99990000
Block: 184083 Reward: 49.99950000
Block: 184177 Reward: 49.99950000
Block: 184265 Reward: 49.99950000
Block: 184290 Reward: 49.99950000
Block: 184315 Reward: 49.99950000
Block: 184334 Reward: 49.99950000
Block: 184336 Reward: 49.99950000
Block: 184344 Reward: 49.99950000
Block: 184369 Reward: 49.99950000
Block: 184403 Reward: 49.99950000
Block: 184409 Reward: 49.99950000
Block: 184441 Reward: 49.99950000
Block: 184450 Reward: 49.99300000
Block: 184462 Reward: 49.99950000
Block: 184468 Reward: 49.99950000
Block: 184472 Reward: 49.99950000
Block: 184476 Reward: 49.99950000
Block: 184483 Reward: 49.99950000
Block: 184507 Reward: 49.99950000
Block: 184513 Reward: 49.99950000
Block: 184618 Reward: 49.99950000
Block: 184633 Reward: 49.99950000
Block: 184665 Reward: 49.99950000
Block: 184687 Reward: 49.99950000
Block: 184693 Reward: 49.99950000
Block: 184717 Reward: 49.99950000
Block: 184781 Reward: 49.99950000
Block: 184801 Reward: 49.99950000
Block: 184804 Reward: 49.99950000
Block: 184881 Reward: 49.99950000
Block: 184909 Reward: 49.99950000
Block: 184910 Reward: 49.99950000
Block: 184913 Reward: 49.99950000
Block: 184920 Reward: 49.99950000
Block: 184961 Reward: 49.99950000
Block: 184996 Reward: 49.99950000
Block: 185030 Reward: 49.99950000
Block: 185033 Reward: 49.99950000
Block: 185052 Reward: 49.99950000
Block: 185054 Reward: 49.99950000
Block: 185058 Reward: 49.99950000
Block: 185072 Reward: 49.99950000
Block: 185075 Reward: 49.99950000
Block: 185091 Reward: 49.99950000
Block: 185110 Reward: 49.99950000
Block: 185161 Reward: 49.99950000
Block: 185219 Reward: 49.99950000
Block: 185222 Reward: 49.99950000
Block: 185276 Reward: 49.99850000
Block: 185292 Reward: 49.99950000
Block: 185326 Reward: 49.99950000
Block: 185359 Reward: 49.99950000
Block: 185366 Reward: 49.99950000
Block: 185388 Reward: 49.99950000
Block: 185512 Reward: 49.99950000
Block: 185605 Reward: 49.99950000
Block: 185621 Reward: 49.99950000
Block: 185638 Reward: 49.99950000
Block: 185669 Reward: 49.99950000
Block: 185709 Reward: 49.99950000
Block: 185722 Reward: 49.99950000
Block: 185740 Reward: 49.99950000
Block: 185761 Reward: 49.99950000
Block: 185784 Reward: 49.99950000
Block: 185837 Reward: 49.99950000
Block: 185866 Reward: 49.99950000
Block: 185868 Reward: 49.99950000
Block: 185876 Reward: 49.99950000
Block: 185893 Reward: 49.99950000
Block: 185911 Reward: 49.99950000
Block: 186047 Reward: 49.99850000
Block: 186048 Reward: 49.99950000
Block: 186076 Reward: 49.99950000
Block: 186135 Reward: 49.99950000
Block: 186140 Reward: 49.99950000
Block: 186145 Reward: 49.99990000
Block: 186163 Reward: 49.99950000
Block: 186177 Reward: 49.99950000
Block: 186199 Reward: 49.99950000
Block: 186216 Reward: 49.99950000
Block: 186262 Reward: 49.99950000
Block: 186331 Reward: 49.99950000
Block: 186333 Reward: 49.99950000
Block: 186365 Reward: 49.99950000
Block: 186398 Reward: 49.99950000
Block: 186417 Reward: 49.99950000
Block: 186428 Reward: 49.99950000
Block: 186439 Reward: 49.99950000
Block: 186446 Reward: 49.99950000
Block: 186457 Reward: 49.99950000
Block: 186467 Reward: 49.99950000
Block: 186474 Reward: 49.99950000
Block: 186485 Reward: 49.99950000
Block: 186498 Reward: 49.99950000
Block: 186508 Reward: 49.99950000
Block: 186513 Reward: 49.99950000
Block: 186514 Reward: 49.99950000
Block: 186559 Reward: 49.99950000
Block: 186602 Reward: 49.99950000
Block: 186612 Reward: 49.99950000
Block: 186618 Reward: 49.99950000
Block: 186678 Reward: 49.99950000
Block: 186712 Reward: 49.99950000
Block: 186749 Reward: 49.99950000
Block: 186754 Reward: 49.99950000
Block: 186769 Reward: 49.99950000
Block: 186782 Reward: 49.99950000
Block: 186797 Reward: 49.99950000
Block: 186802 Reward: 49.99950000
Block: 186808 Reward: 49.99950000
Block: 186817 Reward: 49.99950000
Block: 186845 Reward: 49.99950000
Block: 186847 Reward: 49.99950000
Block: 186856 Reward: 49.99950000
Block: 186860 Reward: 49.99950000
Block: 186885 Reward: 49.99950000
Block: 186921 Reward: 49.99950000
Block: 186959 Reward: 49.99950000
Block: 186971 Reward: 49.99950000
Block: 187115 Reward: 49.99950000
Block: 187149 Reward: 49.99950000
Block: 187169 Reward: 49.99950000
Block: 187173 Reward: 49.99950000
Block: 187180 Reward: 49.99950000
Block: 187187 Reward: 49.99950000
Block: 187191 Reward: 49.99950000
Block: 187204 Reward: 49.99950000
Block: 187216 Reward: 49.99950000
Block: 187276 Reward: 49.99950000
Block: 187286 Reward: 49.99950000
Block: 187402 Reward: 49.99950000
Block: 187411 Reward: 49.99950000
Block: 187416 Reward: 49.99950000
Block: 187423 Reward: 49.99950000
Block: 187476 Reward: 49.99950000
Block: 187477 Reward: 49.99950000
Block: 187478 Reward: 49.99450000
Block: 187512 Reward: 49.99900000
Block: 187521 Reward: 49.99950000
Block: 187531 Reward: 49.99850000
Block: 187624 Reward: 49.99950000
Block: 187631 Reward: 49.99950000
Block: 187643 Reward: 49.99950000
Block: 187645 Reward: 49.99950000
Block: 187719 Reward: 49.99700000
Block: 187745 Reward: 49.99950000
Block: 187848 Reward: 49.99950000
Block: 187868 Reward: 49.99950000
Block: 187876 Reward: 49.99950000
Block: 187925 Reward: 49.99950000
Block: 187972 Reward: 49.99950000
Block: 187986 Reward: 49.99950000
Block: 187992 Reward: 49.99950000
Block: 188024 Reward: 49.99950000
Block: 188070 Reward: 49.99950000
Block: 188078 Reward: 49.99950000
Block: 188162 Reward: 49.99950000
Block: 188197 Reward: 49.99400000
Block: 188216 Reward: 49.99950000
Block: 188227 Reward: 49.99950000
Block: 188279 Reward: 49.99950000
Block: 188377 Reward: 49.99950000
Block: 188378 Reward: 49.99950000
Block: 188382 Reward: 49.99950000
Block: 188417 Reward: 49.99950000
Block: 188433 Reward: 49.99950000
Block: 188446 Reward: 49.99950000
Block: 188477 Reward: 49.99950000
Block: 188501 Reward: 49.99950000
Block: 188524 Reward: 49.99950000
Block: 188542 Reward: 49.99950000
Block: 188557 Reward: 49.99950000
Block: 188596 Reward: 49.99950000
Block: 188693 Reward: 49.99950000
Block: 188699 Reward: 49.99950000
Block: 188772 Reward: 49.99950000
Block: 188877 Reward: 49.99990000
Block: 188922 Reward: 49.99950000
Block: 188974 Reward: 49.99950000
Block: 188977 Reward: 49.99990000
Block: 188985 Reward: 49.99950000
Block: 189003 Reward: 49.99000000
Block: 189006 Reward: 49.99950000
Block: 189068 Reward: 49.99950000
Block: 189089 Reward: 49.99996000
Block: 189184 Reward: 49.99950000
Block: 189224 Reward: 49.99950000
Block: 189227 Reward: 49.99950000
Block: 189239 Reward: 49.99950000
Block: 189251 Reward: 49.99950000
Block: 189255 Reward: 49.99950000
Block: 189270 Reward: 49.99990000
Block: 189278 Reward: 49.99950000
Block: 189287 Reward: 49.99950000
Block: 189308 Reward: 49.99950000
Block: 189309 Reward: 49.99950000
Block: 189329 Reward: 49.99950000
Block: 189346 Reward: 49.99950000
Block: 189416 Reward: 49.99950000
Block: 189438 Reward: 49.99950000
Block: 189452 Reward: 49.99900000
Block: 189523 Reward: 49.99950000
Block: 189582 Reward: 49.99950000
Block: 189584 Reward: 49.99950000
Block: 189631 Reward: 49.99950000
Block: 189639 Reward: 49.99950000
Block: 189644 Reward: 49.99950000
Block: 189650 Reward: 49.99950000
Block: 189670 Reward: 49.99950000
Block: 189672 Reward: 49.99950000
Block: 189684 Reward: 49.99950000
Block: 189689 Reward: 49.99950000
Block: 189697 Reward: 49.99950000
Block: 189700 Reward: 49.99950000
Block: 189741 Reward: 49.99900000
Block: 189742 Reward: 49.99900000
Block: 189744 Reward: 49.99950000
Block: 189745 Reward: 49.99950000
Block: 189764 Reward: 49.99950000
Block: 189818 Reward: 49.99950000
Block: 189850 Reward: 49.99950000
Block: 189861 Reward: 49.99950000
Block: 189900 Reward: 49.99947500
Block: 189919 Reward: 49.99950000
Block: 189923 Reward: 49.99950000
Block: 189966 Reward: 49.99950000
Block: 189988 Reward: 49.99950000
Block: 190015 Reward: 49.99950000
Block: 190025 Reward: 49.99950000
Block: 190034 Reward: 49.99950000
Block: 190051 Reward: 49.99950000
Block: 190052 Reward: 49.99900000
Block: 190066 Reward: 49.99950000
Block: 190079 Reward: 49.99950000
Block: 190112 Reward: 49.99950000
Block: 190118 Reward: 49.99950000
Block: 190136 Reward: 49.99950000
Block: 190145 Reward: 49.99950000
Block: 190190 Reward: 49.99950000
Block: 190218 Reward: 49.99950000
Block: 190238 Reward: 49.99950000
Block: 190242 Reward: 49.99950000
Block: 190279 Reward: 49.99950000
Block: 190296 Reward: 49.99950000
Block: 190331 Reward: 49.99950000
Block: 190360 Reward: 49.99950000
Block: 190363 Reward: 49.99950000
Block: 190372 Reward: 49.99950000
Block: 190377 Reward: 49.99950000
Block: 190444 Reward: 49.99950000
Block: 190456 Reward: 49.99950000
Block: 190462 Reward: 49.99950000
Block: 190534 Reward: 49.99950000
Block: 190605 Reward: 49.99950000
Block: 190628 Reward: 49.99950000
Block: 190704 Reward: 49.99950000
Block: 190707 Reward: 49.99950000
Block: 190730 Reward: 49.99950000
Block: 190818 Reward: 49.99950000
Block: 190821 Reward: 49.99950000
Block: 190822 Reward: 49.99950000
Block: 190826 Reward: 49.99950000
Block: 190852 Reward: 49.99950000
Block: 190865 Reward: 49.99950000
Block: 190892 Reward: 49.99950000
Block: 190898 Reward: 49.99950000
Block: 190925 Reward: 49.99950000
Block: 190969 Reward: 49.99950000
Block: 191038 Reward: 49.99950000
Block: 191046 Reward: 49.99950000
Block: 191053 Reward: 49.99950000
Block: 191063 Reward: 49.99950000
Block: 191104 Reward: 49.99950000
Block: 191137 Reward: 49.99950000
Block: 191155 Reward: 49.99950000
Block: 191158 Reward: 49.99950000
Block: 191177 Reward: 49.99950000
Block: 191182 Reward: 49.99950000
Block: 191203 Reward: 49.99900000
Block: 191241 Reward: 49.99950000
Block: 191244 Reward: 49.99950000
Block: 191297 Reward: 49.99950000
Block: 191351 Reward: 49.99950000
Block: 191352 Reward: 49.99950000
Block: 191392 Reward: 49.99950000
Block: 191400 Reward: 49.99950000
Block: 191431 Reward: 49.99950000
Block: 191503 Reward: 49.99947500
Block: 191507 Reward: 49.99950000
Block: 191511 Reward: 49.99950000
Block: 191514 Reward: 49.99950000
Block: 191524 Reward: 49.99950000
Block: 191622 Reward: 49.99950000
Block: 191733 Reward: 49.99950000
Block: 191784 Reward: 49.99950000
Block: 191882 Reward: 49.99950000
Block: 191901 Reward: 49.99950000
Block: 192038 Reward: 49.99950000
Block: 192081 Reward: 49.99800000
Block: 192095 Reward: 49.99950000
Block: 192113 Reward: 49.99950000
Block: 192160 Reward: 49.99950000
Block: 192208 Reward: 49.99950000
Block: 192237 Reward: 49.99950000
Block: 192239 Reward: 49.99950000
Block: 192350 Reward: 49.99950000
Block: 192463 Reward: 49.99950000
Block: 192507 Reward: 49.99950000
Block: 192536 Reward: 49.99950000
Block: 192554 Reward: 49.99950000
Block: 192566 Reward: 49.99950000
Block: 192578 Reward: 49.99950000
Block: 192582 Reward: 49.99900000
Block: 192604 Reward: 49.99950000
Block: 192630 Reward: 49.99950000
Block: 192680 Reward: 49.99950000
Block: 192708 Reward: 49.99950000
Block: 192766 Reward: 49.99950000
Block: 192790 Reward: 49.99950000
Block: 192814 Reward: 49.99970000
Block: 192875 Reward: 49.99950000
Block: 192880 Reward: 49.99950000
Block: 192881 Reward: 49.99950000
Block: 192883 Reward: 49.99950000
Block: 192908 Reward: 49.99950000
Block: 192919 Reward: 49.99950000
Block: 192980 Reward: 49.99950000
Block: 193020 Reward: 49.99949000
Block: 193050 Reward: 49.99950000
Block: 193058 Reward: 49.99950000
Block: 193065 Reward: 49.99950000
Block: 193099 Reward: 49.99950000
Block: 193170 Reward: 49.99900000
Block: 193186 Reward: 49.99950000
Block: 193197 Reward: 49.99950000
Block: 193207 Reward: 49.99999990
Block: 193208 Reward: 49.99950000
Block: 193216 Reward: 49.99950000
Block: 193231 Reward: 49.99950000
Block: 193264 Reward: 49.99950000
Block: 193265 Reward: 49.99950000
Block: 193311 Reward: 49.99950000
Block: 193325 Reward: 49.99950000
Block: 193327 Reward: 49.99950000
Block: 193351 Reward: 49.99950000
Block: 193369 Reward: 49.99950000
Block: 193374 Reward: 49.99950000
Block: 193387 Reward: 49.99950000
Block: 193404 Reward: 49.99950000
Block: 193430 Reward: 49.99950000
Block: 193437 Reward: 49.99950000
Block: 193473 Reward: 49.99950000
Block: 193490 Reward: 49.99950000
Block: 193500 Reward: 49.99950000
Block: 193505 Reward: 49.99950000
Block: 193520 Reward: 49.99950000
Block: 193521 Reward: 49.99950000
Block: 193546 Reward: 49.99950000
Block: 193558 Reward: 49.99950000
Block: 193568 Reward: 49.99950000
Block: 193643 Reward: 49.99950000
Block: 193937 Reward: 49.99950000
Block: 193948 Reward: 49.99950000
Block: 193956 Reward: 49.99950000
Block: 193977 Reward: 49.99950000
Block: 193980 Reward: 49.99950000
Block: 194035 Reward: 49.99950000
Block: 194037 Reward: 49.99950000
Block: 194078 Reward: 49.99850000
Block: 194109 Reward: 49.99950000
Block: 194116 Reward: 49.99950000
Block: 194361 Reward: 49.99950000
Block: 194369 Reward: 49.99950000
Block: 194620 Reward: 49.99900000
Block: 194649 Reward: 49.99950000
Block: 194652 Reward: 49.99950000
Block: 194710 Reward: 49.99900000
Block: 194716 Reward: 49.99950000
Block: 194732 Reward: 49.99950000
Block: 194742 Reward: 49.99950000
Block: 194826 Reward: 49.99950000
Block: 194904 Reward: 49.99950000
Block: 194953 Reward: 49.99950000
Block: 195069 Reward: 49.99950000
Block: 195150 Reward: 49.99950000
Block: 195214 Reward: 49.99995000
Block: 195241 Reward: 49.99950000
Block: 195299 Reward: 49.99950000
Block: 195319 Reward: 49.99900000
Block: 195336 Reward: 49.99950000
Block: 195571 Reward: 49.99950000
Block: 195709 Reward: 49.99950000
Block: 195780 Reward: 49.99950000
Block: 195785 Reward: 49.99950000
Block: 195787 Reward: 49.99950000
Block: 195880 Reward: 49.99950000
Block: 195911 Reward: 49.99947500
Block: 195921 Reward: 49.99947500
Block: 195937 Reward: 49.99950000
Block: 195973 Reward: 49.99950000
Block: 196011 Reward: 49.99950000
Block: 196012 Reward: 49.99950000
Block: 196150 Reward: 49.99950000
Block: 196217 Reward: 49.99950000
Block: 196220 Reward: 49.99950000
Block: 196229 Reward: 49.99950000
Block: 196258 Reward: 49.99950000
Block: 196312 Reward: 49.99950000
Block: 196314 Reward: 49.99950000
Block: 196334 Reward: 49.99950000
Block: 196348 Reward: 49.99950000
Block: 196354 Reward: 49.99950000
Block: 196363 Reward: 49.99950000
Block: 196381 Reward: 49.99950000
Block: 196382 Reward: 49.99950000
Block: 196387 Reward: 49.99750000
Block: 196417 Reward: 49.99950000
Block: 196425 Reward: 49.99950000
Block: 196520 Reward: 49.99950000
Block: 196560 Reward: 49.99950000
Block: 196669 Reward: 49.99950000
Block: 196679 Reward: 49.99950000
Block: 196692 Reward: 49.99950000
Block: 196750 Reward: 49.99950000
Block: 196776 Reward: 49.99950000
Block: 196808 Reward: 49.99950000
Block: 196812 Reward: 49.99950000
Block: 196815 Reward: 49.99900000
Block: 196822 Reward: 49.99950000
Block: 196826 Reward: 49.99950000
Block: 196829 Reward: 49.99950000
Block: 196839 Reward: 49.99950000
Block: 196884 Reward: 49.99950000
Block: 196905 Reward: 49.99950000
Block: 196909 Reward: 49.99950000
Block: 196928 Reward: 49.99950000
Block: 196938 Reward: 49.99950000
Block: 196939 Reward: 49.99950000
Block: 196963 Reward: 49.99950000
Block: 196969 Reward: 49.99950000
Block: 197014 Reward: 49.99950000
Block: 197028 Reward: 49.99950000
Block: 197059 Reward: 49.99950000
Block: 197071 Reward: 49.99990000
Block: 197095 Reward: 49.99950000
Block: 197099 Reward: 49.99950000
Block: 197116 Reward: 49.99950000
Block: 197119 Reward: 49.99950000
Block: 197262 Reward: 49.99950000
Block: 197273 Reward: 49.99950000
Block: 197316 Reward: 49.99950000
Block: 197359 Reward: 49.99950000
Block: 197378 Reward: 49.99950000
Block: 197380 Reward: 49.99950000
Block: 197409 Reward: 49.99950000
Block: 197455 Reward: 49.99950000
Block: 197472 Reward: 49.99950000
Block: 197504 Reward: 49.99950000
Block: 197511 Reward: 49.99950000
Block: 197533 Reward: 49.99950000
Block: 197603 Reward: 49.99990000
Block: 197607 Reward: 49.99950000
Block: 197700 Reward: 49.99950000
Block: 197752 Reward: 49.99950000
Block: 197754 Reward: 49.99950000
Block: 197810 Reward: 49.99950000
Block: 197821 Reward: 49.99950000
Block: 197822 Reward: 49.99950000
Block: 197825 Reward: 49.99950000
Block: 197830 Reward: 49.99950000
Block: 197846 Reward: 49.99950000
Block: 197861 Reward: 49.99950000
Block: 197872 Reward: 49.99950000
Block: 197879 Reward: 49.99990000
Block: 197892 Reward: 49.99950000
Block: 197915 Reward: 49.99950000
Block: 197926 Reward: 49.99950000
Block: 197927 Reward: 49.99950000
Block: 197929 Reward: 49.99950000
Block: 197935 Reward: 49.99750000
Block: 198037 Reward: 49.99990000
Block: 198076 Reward: 49.99950000
Block: 198085 Reward: 49.99999317
Block: 198103 Reward: 49.99950000
Block: 198118 Reward: 49.99950000
Block: 198213 Reward: 49.99950000
Block: 198268 Reward: 49.99950000
Block: 198328 Reward: 49.99950000
Block: 198331 Reward: 49.99950000
Block: 198369 Reward: 49.99950000
Block: 198395 Reward: 49.99950000
Block: 198484 Reward: 49.99950000
Block: 198504 Reward: 49.99950000
Block: 198608 Reward: 49.99950000
Block: 198977 Reward: 49.99950000
Block: 198984 Reward: 49.99950000
Block: 199052 Reward: 49.99950000
Block: 199059 Reward: 49.99900000
Block: 199097 Reward: 49.99950000
Block: 199153 Reward: 49.99950000
Block: 199164 Reward: 49.99950000
Block: 199326 Reward: 49.99950000
Block: 199386 Reward: 49.99950000
Block: 199446 Reward: 49.99950000
Block: 199522 Reward: 49.99950000
Block: 199973 Reward: 49.99950000
Block: 200000 2021-12-02 17:15:56 10000039.98361183 8287446.21803798 7177.18238488
Block: 200043 Reward: 49.99950000
Block: 200061 Reward: 49.99950000
Block: 202359 Reward: 49.99950000
Block: 202439 Reward: 49.99950000
Block: 202545 Reward: 49.99950000
Block: 202566 Reward: 49.99900000
Block: 202855 Reward: 49.99950000
Block: 202986 Reward: 49.99950000
Block: 203051 Reward: 49.99950000
Block: 203214 Reward: 49.99950000
Block: 203397 Reward: 49.99950000
Block: 203453 Reward: 49.99900000
Block: 203514 Reward: 49.99950000
Block: 203646 Reward: 49.99950000
Block: 204275 Reward: 49.99950000
Block: 204278 Reward: 49.99950000
Block: 204283 Reward: 49.99950000
Block: 204342 Reward: 49.99650000
Block: 204391 Reward: 49.99900000
Block: 204403 Reward: 49.99950000
Block: 204425 Reward: 49.99900000
Block: 204475 Reward: 49.99950000
Block: 204513 Reward: 49.99950000
Block: 204591 Reward: 49.99950000
Block: 204607 Reward: 49.99950000
Block: 204883 Reward: 49.99950000
Block: 204902 Reward: 49.99990000
Block: 204950 Reward: 49.99950000
Block: 205029 Reward: 49.99900000
Block: 205253 Reward: 49.99900000
Block: 205302 Reward: 49.99950000
Block: 205334 Reward: 49.99950000
Block: 205551 Reward: 49.99950000
Block: 205685 Reward: 49.99950000
Block: 205782 Reward: 49.99950000
Block: 205897 Reward: 49.99900000
Block: 205961 Reward: 49.99950000
Block: 206024 Reward: 49.99900000
Block: 206092 Reward: 49.99950000
Block: 206126 Reward: 49.99950000
Block: 206185 Reward: 49.99950000
Block: 206330 Reward: 49.99950000
Block: 206485 Reward: 49.99950000
Block: 206641 Reward: 49.99900000
Block: 206676 Reward: 49.99950000
Block: 206681 Reward: 49.99950000
Block: 207235 Reward: 49.99950000
Block: 207287 Reward: 49.99950000
Block: 207374 Reward: 49.99950000
Block: 207548 Reward: 49.99950000
Block: 207689 Reward: 49.99900000
Block: 207699 Reward: 49.99950000
Block: 207783 Reward: 49.99950000
Block: 207930 Reward: 49.99900000
Block: 208021 Reward: 49.99950000
Block: 208337 Reward: 49.99950000
Block: 208369 Reward: 49.99950000
Block: 208648 Reward: 49.99900000
Block: 208729 Reward: 49.99950000
Block: 208810 Reward: 49.99900000
Block: 209069 Reward: 49.99950000
Block: 209310 Reward: 49.99950000
Block: 210213 Reward: 24.99950000
Block: 210327 Reward: 24.99950000
Block: 210427 Reward: 24.99950000
Block: 210671 Reward: 24.99950000
Block: 210806 Reward: 24.99950000
Block: 210849 Reward: 24.99900000
Block: 210928 Reward: 24.99950000
Block: 210974 Reward: 24.99950000
Block: 210975 Reward: 24.99900000
Block: 211137 Reward: 24.99950000
Block: 211214 Reward: 24.99900000
Block: 211414 Reward: 24.99900000
Block: 211617 Reward: 24.99950000
Block: 211638 Reward: 24.99950000
Block: 211719 Reward: 24.99950000
Block: 211849 Reward: 24.99900000
Block: 212207 Reward: 24.99900000
Block: 212282 Reward: 24.99900000
Block: 212372 Reward: 24.99900000
Block: 212501 Reward: 24.99950000
Block: 212947 Reward: 24.99900000
Block: 212967 Reward: 24.99900000
Block: 213085 Reward: 24.99950000
Block: 213173 Reward: 24.99950000
Block: 213232 Reward: 24.99950000
Block: 213322 Reward: 24.99950000
Block: 213463 Reward: 24.99950000
Block: 213758 Reward: 24.99950000
Block: 213956 Reward: 24.99950000
Block: 213975 Reward: 24.99900000
Block: 214150 Reward: 24.99900000
Block: 214163 Reward: 24.99900000
Block: 214251 Reward: 24.99500000
Block: 214478 Reward: 24.99950000
Block: 214485 Reward: 24.99900000
Block: 214572 Reward: 24.99950000
Block: 214597 Reward: 24.99900000
Block: 214602 Reward: 24.99900000
Block: 214610 Reward: 24.99950000
Block: 214619 Reward: 24.99950000
Block: 214657 Reward: 24.99950000
Block: 214748 Reward: 24.99900000
Block: 214952 Reward: 24.99950000
Block: 214967 Reward: 24.99900000
Block: 215021 Reward: 24.99900000
Block: 215056 Reward: 24.99900000
Block: 215095 Reward: 24.99900000
Block: 215118 Reward: 24.99900000
Block: 215129 Reward: 24.99950000
Block: 215230 Reward: 24.99900000
Block: 215247 Reward: 24.99900000
Block: 215324 Reward: 24.99950000
Block: 215411 Reward: 24.99950000
Block: 215483 Reward: 24.99950000
Block: 215497 Reward: 24.99900000
Block: 215659 Reward: 24.99950000
Block: 215696 Reward: 24.99950000
Block: 215822 Reward: 24.99900000
Block: 215934 Reward: 24.99950000
Block: 215958 Reward: 24.99900000
Block: 215965 Reward: 24.99950000
Block: 216058 Reward: 24.99950000
Block: 216070 Reward: 24.99950000
Block: 216123 Reward: 24.99950000
Block: 216138 Reward: 24.99950000
Block: 216407 Reward: 24.99900000
Block: 216507 Reward: 24.99900000
Block: 216577 Reward: 24.99950000
Block: 216585 Reward: 24.99950000
Block: 216620 Reward: 24.99950000
Block: 216691 Reward: 24.99950000
Block: 216718 Reward: 24.99900000
Block: 216757 Reward: 24.99900000
Block: 216773 Reward: 24.99950000
Block: 216888 Reward: 24.99950000
Block: 216907 Reward: 24.99950000
Block: 216912 Reward: 24.99950000
Block: 216966 Reward: 24.99900000
Block: 217056 Reward: 24.99950000
Block: 217140 Reward: 24.99950000
Block: 217207 Reward: 24.99950000
Block: 217291 Reward: 24.99900000
Block: 217313 Reward: 24.99950000
Block: 217382 Reward: 24.99900000
Block: 217391 Reward: 24.99900000
Block: 217531 Reward: 24.99900000
Block: 217534 Reward: 24.99900000
Block: 217548 Reward: 24.99950000
Block: 217667 Reward: 24.99900000
Block: 217684 Reward: 24.99950000
Block: 217688 Reward: 24.99900000
Block: 217811 Reward: 24.99950000
Block: 217834 Reward: 24.99900000
Block: 217912 Reward: 24.99950000
Block: 217918 Reward: 24.99950000
Block: 217934 Reward: 24.99900000
Block: 218047 Reward: 24.99950000
Block: 218106 Reward: 24.99900000
Block: 218130 Reward: 24.99900000
Block: 218152 Reward: 24.99950000
Block: 218205 Reward: 24.99950000
Block: 218238 Reward: 24.99900000
Block: 218252 Reward: 24.99950000
Block: 218348 Reward: 24.99900000
Block: 218370 Reward: 24.99900000
Block: 218462 Reward: 24.99900000
Block: 218582 Reward: 24.99900000
Block: 218634 Reward: 24.99950000
Block: 218683 Reward: 24.99800000
Block: 218749 Reward: 24.99950000
Block: 218776 Reward: 24.99900000
Block: 218798 Reward: 24.99900000
Block: 218897 Reward: 24.99900000
Block: 218957 Reward: 24.99900000
Block: 218993 Reward: 24.99900000
Block: 219013 Reward: 24.99950000
Block: 219031 Reward: 24.99950000
Block: 219275 Reward: 24.99950000
Block: 219283 Reward: 24.99950000
Block: 219304 Reward: 24.99900000
Block: 219311 Reward: 24.99950000
Block: 219452 Reward: 24.99900000
Block: 219626 Reward: 24.99900000
Block: 219743 Reward: 24.99900000
Block: 219938 Reward: 24.99950000
Block: 219941 Reward: 24.99900000
Block: 219998 Reward: 24.99900000
Block: 220110 Reward: 24.99950000
Block: 220389 Reward: 24.99950000
Block: 220453 Reward: 24.99900000
Block: 220559 Reward: 24.99950000
Block: 220649 Reward: 24.99950000
Block: 220768 Reward: 24.99950000
Block: 220825 Reward: 24.99900000
Block: 220878 Reward: 24.99950000
Block: 220952 Reward: 24.99900000
Block: 221004 Reward: 24.99950000
Block: 221011 Reward: 24.99950000
Block: 221030 Reward: 24.99950000
Block: 221043 Reward: 24.99900000
Block: 221207 Reward: 24.99950000
Block: 221304 Reward: 24.99900000
Block: 221318 Reward: 24.99900000
Block: 221579 Reward: 24.99950000
Block: 221637 Reward: 24.99900000
Block: 221672 Reward: 24.99900000
Block: 221694 Reward: 24.99900000
Block: 221736 Reward: 24.99900000
Block: 221827 Reward: 24.99950000
Block: 221922 Reward: 24.99950000
Block: 221935 Reward: 24.99950000
Block: 221955 Reward: 24.99900000
Block: 222024 Reward: 24.99900000
Block: 222152 Reward: 24.99900000
Block: 222208 Reward: 24.99950000
Block: 222314 Reward: 24.99900000
Block: 222363 Reward: 24.99950000
Block: 222780 Reward: 24.99950000
Block: 222962 Reward: 24.99900000
Block: 223106 Reward: 24.99950000
Block: 223202 Reward: 24.99950000
Block: 223250 Reward: 24.99950000
Block: 223361 Reward: 24.99900000
Block: 223523 Reward: 24.99950000
Block: 223687 Reward: 24.99900000
Block: 223747 Reward: 24.99900000
Block: 223765 Reward: 24.99900000
Block: 223898 Reward: 24.99950000
Block: 224129 Reward: 24.99950000
Block: 224194 Reward: 24.99900000
Block: 224210 Reward: 24.99900000
Block: 224745 Reward: 24.99900000
Block: 225508 Reward: 24.99900000
Block: 225633 Reward: 24.99950000
Block: 225960 Reward: 24.99900000
Block: 227317 Reward: 24.99950000
Block: 227430 Reward: 24.99950000
Block: 228527 Reward: 24.99900000
Block: 229356 Reward: 24.99900000
Block: 229402 Reward: 24.99950000
Block: 233700 Reward: 24.99880000
Block: 236275 Reward: 24.99950000
Block: 249185 Reward: 24.99900000
Block: 250000 2021-12-02 18:21:54 11500014.80231183 9791713.50478244 19826.78124203
Block: 300000 2021-12-02 19:51:47 12750014.80231183 11045251.76641841 26974.94251144
Block: 350000 2021-12-02 22:12:04 14000014.80231183 12297725.21792812 31112.18363335
Block: 370002 Reward: 24.99999999
Block: 400000 2021-12-03 01:52:11 15250014.80231182 13555900.31623014 40266.30120723
Block: 404693 Reward: 24.99752775
Block: 407187 Reward: 24.99823924
Block: 408962 Reward: 24.99917564
Block: 410212 Reward: 24.99804871
Block: 450000 2021-12-03 06:56:07 16125002.29530316 14450314.83572440 63330.22759540
Block: 481797 Reward: 12.49999924
Block: 496708 Reward: 12.49999928
Block: 499370 Reward: 12.49999921
Block: 500000 2021-12-03 12:49:20 16750002.29530089 15161285.27667628 149558.18201365
Block: 501726 Reward: 0
Block: 502677 Reward: 12.49999925
Block: 507708 Reward: 12.49999924
Block: 511309 Reward: 12.49999927
Block: 514811 Reward: 12.49999927
Block: 514852 Reward: 12.49999929
Block: 521726 Reward: 12.49999926
Block: 524676 Reward: 12.49999930
Block: 526351 Reward: 12.49999923
Block: 526591 Reward: 6.25000000
Block: 526657 Reward: 12.49999929
Block: 526993 Reward: 12.49999927
Block: 527282 Reward: 12.49999920
Block: 527356 Reward: 12.49999924
Block: 527499 Reward: 12.49999930
Block: 527537 Reward: 12.49999924
Block: 527954 Reward: 12.49999924
Block: 528272 Reward: 12.49999926
Block: 528394 Reward: 12.49999921
Block: 528508 Reward: 12.49999927
Block: 528932 Reward: 12.49999928
Block: 529833 Reward: 12.49999926
Block: 530019 Reward: 12.49999923
Block: 530363 Reward: 12.49999922
Block: 530371 Reward: 12.49994556
Block: 530580 Reward: 12.49999927
Block: 530771 Reward: 12.49994622
Block: 531181 Reward: 12.49999921
Block: 531285 Reward: 12.49994597
Block: 532376 Reward: 12.49999926
Block: 532462 Reward: 12.49999927
Block: 532663 Reward: 12.49999930
Block: 533447 Reward: 12.49999924
Block: 533631 Reward: 12.49999928
Block: 533906 Reward: 12.49999928
Block: 533957 Reward: 12.49999919
Block: 534070 Reward: 12.49999927
Block: 534297 Reward: 12.49989145
Block: 534500 Reward: 12.49999922
Block: 534707 Reward: 12.49999925
Block: 534723 Reward: 12.49999919
Block: 534830 Reward: 12.49999922
Block: 534838 Reward: 12.49999929
Block: 535446 Reward: 12.49999921
Block: 535805 Reward: 12.49999926
Block: 535814 Reward: 12.49999926
Block: 536152 Reward: 12.49999927
Block: 536423 Reward: 12.49999926
Block: 536576 Reward: 12.49999924
Block: 536951 Reward: 12.49999922
Block: 537499 Reward: 12.49999921
Block: 537528 Reward: 12.49999923
Block: 537830 Reward: 12.49999932
Block: 537977 Reward: 12.49999925
Block: 537980 Reward: 12.49999925
Block: 538158 Reward: 12.49999927
Block: 538579 Reward: 12.49999925
Block: 538597 Reward: 12.49999933
Block: 538630 Reward: 12.49999927
Block: 539209 Reward: 12.49999924
Block: 539364 Reward: 12.49999924
Block: 539381 Reward: 12.49999920
Block: 539609 Reward: 12.49999923
Block: 539814 Reward: 12.49999924
Block: 539992 Reward: 12.49999926
Block: 540068 Reward: 12.49999922
Block: 540093 Reward: 12.49999925
Block: 540112 Reward: 12.49999924
Block: 540231 Reward: 12.49999921
Block: 541118 Reward: 12.49999931
Block: 541220 Reward: 12.49999920
Block: 541608 Reward: 12.49999922
Block: 542414 Reward: 12.49999927
Block: 542549 Reward: 12.49999923
Block: 544704 Reward: 12.49999930
Block: 546962 Reward: 12.49999920
Block: 548669 Reward: 12.49999926
Block: 549077 Reward: 12.49999926
Block: 550000 2021-12-03 17:56:47 17374983.54497613 15821627.45196138 185335.71518850
Block: 550226 Reward: 12.49999929
Block: 551773 Reward: 12.49999925
Block: 553396 Reward: 12.49999924
Block: 559931 Reward: 12.49999921
Block: 564959 Reward: 12.49999925
Block: 600000 2021-12-04 00:18:43 17999983.54497237 16465657.66591337 204478.98098156
Block: 619631 Reward: 12.49999927
Block: 626205 Reward: 12.49999932
Block: 650000 2021-12-04 06:36:12 18499977.29497096 16979933.32568770 222475.35366163
Block: 700000 2021-12-04 13:56:57 18812477.29497096 17297202.18840680 252700.22487635

Done 2021-12-04 15:34:32

Blocks: 712196
Total rewards: 18888696.04497096
Total rewards spent: 17366919.40181988
Total fees: 253862.90702441
